Get:1 http://security.ubuntu.com trusty-security InRelease [65.9 kB]
Ign http://archive.ubuntu.com trusty InRelease
Get:2 http://security.ubuntu.com trusty-security/main Sources [120 kB]
Get:3 http://archive.ubuntu.com trusty-updates InRelease [65.9 kB]
Get:4 http://security.ubuntu.com trusty-security/universe Sources [42.5 kB]
Get:5 http://security.ubuntu.com trusty-security/main amd64 Packages [528 kB]
Hit http://archive.ubuntu.com trusty-backports InRelease
Hit http://archive.ubuntu.com trusty Release.gpg
Get:6 http://security.ubuntu.com trusty-security/universe amd64 Packages [137 kB]
Get:7 http://archive.ubuntu.com trusty-updates/main Sources [382 kB]
Get:8 http://security.ubuntu.com trusty-security/main Translation-en [291 kB]
Get:9 http://security.ubuntu.com trusty-security/universe Translation-en [82.0 kB]
Get:10 http://archive.ubuntu.com trusty-updates/restricted Sources [5,360 B]
Get:11 http://archive.ubuntu.com trusty-updates/universe Sources [165 kB]
Get:12 http://archive.ubuntu.com trusty-updates/multiverse Sources [7,126 B]
Get:13 http://archive.ubuntu.com trusty-updates/main amd64 Packages [897 kB]
Get:14 http://archive.ubuntu.com trusty-updates/restricted amd64 Packages [15.9 kB]
Get:15 http://archive.ubuntu.com trusty-updates/universe amd64 Packages [374 kB]
Get:16 http://archive.ubuntu.com trusty-updates/multiverse amd64 Packages [14.8 kB]
Get:17 http://archive.ubuntu.com trusty-updates/main Translation-en [435 kB]
Get:18 http://archive.ubuntu.com trusty-updates/multiverse Translation-en [7,661 B]
Get:19 http://archive.ubuntu.com trusty-updates/restricted Translation-en [3,699 B]
Get:20 http://archive.ubuntu.com trusty-updates/universe Translation-en [198 kB]
Get:21 http://archive.ubuntu.com trusty-backports/main Sources [9,592 B]
Get:22 http://archive.ubuntu.com trusty-backports/restricted Sources [28 B]
Get:23 http://archive.ubuntu.com trusty-backports/universe Sources [35.2 kB]
Get:24 http://archive.ubuntu.com trusty-backports/multiverse Sources [1,898 B]
Hit http://archive.ubuntu.com trusty-backports/main amd64 Packages
Hit http://archive.ubuntu.com trusty-backports/restricted amd64 Packages
Hit http://archive.ubuntu.com trusty-backports/universe amd64 Packages
Hit http://archive.ubuntu.com trusty-backports/multiverse amd64 Packages
Hit http://archive.ubuntu.com trusty-backports/main Translation-en
Hit http://archive.ubuntu.com trusty-backports/multiverse Translation-en
Hit http://archive.ubuntu.com trusty-backports/restricted Translation-en
Hit http://archive.ubuntu.com trusty-backports/universe Translation-en
Hit http://archive.ubuntu.com trusty Release
Get:25 http://archive.ubuntu.com trusty/main Sources [1,064 kB]
Get:26 http://archive.ubuntu.com trusty/restricted Sources [5,433 B]
Get:27 http://archive.ubuntu.com trusty/universe Sources [6,399 kB]
Get:28 http://archive.ubuntu.com trusty/multiverse Sources [174 kB]
Hit http://archive.ubuntu.com trusty/main amd64 Packages
Hit http://archive.ubuntu.com trusty/restricted amd64 Packages
Hit http://archive.ubuntu.com trusty/universe amd64 Packages
Hit http://archive.ubuntu.com trusty/multiverse amd64 Packages
Hit http://archive.ubuntu.com trusty/main Translation-en
Hit http://archive.ubuntu.com trusty/multiverse Translation-en
Hit http://archive.ubuntu.com trusty/restricted Translation-en
Hit http://archive.ubuntu.com trusty/universe Translation-en
Ign http://archive.ubuntu.com trusty/main Translation-en_US
Ign http://archive.ubuntu.com trusty/multiverse Translation-en_US
Ign http://archive.ubuntu.com trusty/restricted Translation-en_US
Ign http://archive.ubuntu.com trusty/universe Translation-en_US
Fetched 11.5 MB in 11s (1,032 kB/s)
Reading package lists...
Reading package lists...
Building dependency tree...
Reading state information...
curl is already the newest version.
0 upgraded, 0 newly installed, 0 to remove and 2 not upgraded.
Reading package lists...
Building dependency tree...
Reading state information...
The following extra packages will be installed:
  git git-man liberror-perl
Suggested packages:
  git-daemon-run git-daemon-sysvinit git-doc git-el git-email git-gui gitk
  gitweb git-arch git-bzr git-cvs git-mediawiki git-svn
The following NEW packages will be installed:
  git git-core git-man liberror-perl
0 upgraded, 4 newly installed, 0 to remove and 2 not upgraded.
Need to get 3,307 kB of archives.
After this operation, 21.9 MB of additional disk space will be used.
Get:1 http://archive.ubuntu.com/ubuntu/ trusty/main liberror-perl all 0.17-1.1 [21.1 kB]
Get:2 http://archive.ubuntu.com/ubuntu/ trusty-updates/main git-man all 1:1.9.1-1ubuntu0.3 [699 kB]
Get:3 http://archive.ubuntu.com/ubuntu/ trusty-updates/main git amd64 1:1.9.1-1ubuntu0.3 [2,586 kB]
Get:4 http://archive.ubuntu.com/ubuntu/ trusty-updates/main git-core all 1:1.9.1-1ubuntu0.3 [1,464 B]
Fetched 3,307 kB in 4s (717 kB/s)
Selecting previously unselected package liberror-perl.
(Reading database ... 62994 files and directories currently installed.)
Preparing to unpack .../liberror-perl_0.17-1.1_all.deb ...
Unpacking liberror-perl (0.17-1.1) ...
Selecting previously unselected package git-man.
Preparing to unpack .../git-man_1%3a1.9.1-1ubuntu0.3_all.deb ...
Unpacking git-man (1:1.9.1-1ubuntu0.3) ...
Selecting previously unselected package git.
Preparing to unpack .../git_1%3a1.9.1-1ubuntu0.3_amd64.deb ...
Unpacking git (1:1.9.1-1ubuntu0.3) ...
Selecting previously unselected package git-core.
Preparing to unpack .../git-core_1%3a1.9.1-1ubuntu0.3_all.deb ...
Unpacking git-core (1:1.9.1-1ubuntu0.3) ...
Processing triggers for man-db (2.6.7.1-1ubuntu1) ...
Setting up liberror-perl (0.17-1.1) ...
Setting up git-man (1:1.9.1-1ubuntu0.3) ...
Setting up git (1:1.9.1-1ubuntu0.3) ...
Setting up git-core (1:1.9.1-1ubuntu0.3) ...
Reading package lists...
Building dependency tree...
Reading state information...
The following extra packages will be installed:
  dpkg-dev g++ g++-4.8 libalgorithm-diff-perl libalgorithm-diff-xs-perl
  libalgorithm-merge-perl libdpkg-perl libfile-fcntllock-perl
  libstdc++-4.8-dev
Suggested packages:
  debian-keyring g++-multilib g++-4.8-multilib gcc-4.8-doc libstdc++6-4.8-dbg
  libstdc++-4.8-doc
The following NEW packages will be installed:
  build-essential dpkg-dev g++ g++-4.8 libalgorithm-diff-perl
  libalgorithm-diff-xs-perl libalgorithm-merge-perl libdpkg-perl
  libfile-fcntllock-perl libstdc++-4.8-dev
0 upgraded, 10 newly installed, 0 to remove and 2 not upgraded.
Need to get 20.2 MB of archives.
After this operation, 43.7 MB of additional disk space will be used.
Get:1 http://archive.ubuntu.com/ubuntu/ trusty-updates/main libstdc++-4.8-dev amd64 4.8.4-2ubuntu1~14.04.3 [1,053 kB]
Get:2 http://archive.ubuntu.com/ubuntu/ trusty-updates/main g++-4.8 amd64 4.8.4-2ubuntu1~14.04.3 [18.1 MB]
Get:3 http://archive.ubuntu.com/ubuntu/ trusty/main g++ amd64 4:4.8.2-1ubuntu6 [1,490 B]
Get:4 http://archive.ubuntu.com/ubuntu/ trusty-updates/main libdpkg-perl all 1.17.5ubuntu5.7 [179 kB]
Get:5 http://archive.ubuntu.com/ubuntu/ trusty-updates/main dpkg-dev all 1.17.5ubuntu5.7 [726 kB]
Get:6 http://archive.ubuntu.com/ubuntu/ trusty/main build-essential amd64 11.6ubuntu6 [4,838 B]
Get:7 http://archive.ubuntu.com/ubuntu/ trusty/main libalgorithm-diff-perl all 1.19.02-3 [50.0 kB]
Get:8 http://archive.ubuntu.com/ubuntu/ trusty/main libalgorithm-diff-xs-perl amd64 0.04-2build4 [12.6 kB]
Get:9 http://archive.ubuntu.com/ubuntu/ trusty/main libalgorithm-merge-perl all 0.08-2 [12.7 kB]
Get:10 http://archive.ubuntu.com/ubuntu/ trusty/main libfile-fcntllock-perl amd64 0.14-2build1 [15.9 kB]
Fetched 20.2 MB in 1min 29s (227 kB/s)
Selecting previously unselected package libstdc++-4.8-dev:amd64.
(Reading database ... 63743 files and directories currently installed.)
Preparing to unpack .../libstdc++-4.8-dev_4.8.4-2ubuntu1~14.04.3_amd64.deb ...
Unpacking libstdc++-4.8-dev:amd64 (4.8.4-2ubuntu1~14.04.3) ...
Selecting previously unselected package g++-4.8.
Preparing to unpack .../g++-4.8_4.8.4-2ubuntu1~14.04.3_amd64.deb ...
Unpacking g++-4.8 (4.8.4-2ubuntu1~14.04.3) ...
Selecting previously unselected package g++.
Preparing to unpack .../g++_4%3a4.8.2-1ubuntu6_amd64.deb ...
Unpacking g++ (4:4.8.2-1ubuntu6) ...
Selecting previously unselected package libdpkg-perl.
Preparing to unpack .../libdpkg-perl_1.17.5ubuntu5.7_all.deb ...
Unpacking libdpkg-perl (1.17.5ubuntu5.7) ...
Selecting previously unselected package dpkg-dev.
Preparing to unpack .../dpkg-dev_1.17.5ubuntu5.7_all.deb ...
Unpacking dpkg-dev (1.17.5ubuntu5.7) ...
Selecting previously unselected package build-essential.
Preparing to unpack .../build-essential_11.6ubuntu6_amd64.deb ...
Unpacking build-essential (11.6ubuntu6) ...
Selecting previously unselected package libalgorithm-diff-perl.
Preparing to unpack .../libalgorithm-diff-perl_1.19.02-3_all.deb ...
Unpacking libalgorithm-diff-perl (1.19.02-3) ...
Selecting previously unselected package libalgorithm-diff-xs-perl.
Preparing to unpack .../libalgorithm-diff-xs-perl_0.04-2build4_amd64.deb ...
Unpacking libalgorithm-diff-xs-perl (0.04-2build4) ...
Selecting previously unselected package libalgorithm-merge-perl.
Preparing to unpack .../libalgorithm-merge-perl_0.08-2_all.deb ...
Unpacking libalgorithm-merge-perl (0.08-2) ...
Selecting previously unselected package libfile-fcntllock-perl.
Preparing to unpack .../libfile-fcntllock-perl_0.14-2build1_amd64.deb ...
Unpacking libfile-fcntllock-perl (0.14-2build1) ...
Processing triggers for man-db (2.6.7.1-1ubuntu1) ...
Setting up libstdc++-4.8-dev:amd64 (4.8.4-2ubuntu1~14.04.3) ...
Setting up g++-4.8 (4.8.4-2ubuntu1~14.04.3) ...
Setting up g++ (4:4.8.2-1ubuntu6) ...
update-alternatives: using /usr/bin/g++ to provide /usr/bin/c++ (c++) in auto mode
Setting up libdpkg-perl (1.17.5ubuntu5.7) ...
Setting up dpkg-dev (1.17.5ubuntu5.7) ...
Setting up build-essential (11.6ubuntu6) ...
Setting up libalgorithm-diff-perl (1.19.02-3) ...
Setting up libalgorithm-diff-xs-perl (0.04-2build4) ...
Setting up libalgorithm-merge-perl (0.08-2) ...
Setting up libfile-fcntllock-perl (0.14-2build1) ...
Reading package lists...
Building dependency tree...
Reading state information...
The following NEW packages will be installed:
  python-software-properties
0 upgraded, 1 newly installed, 0 to remove and 2 not upgraded.
Need to get 19.6 kB of archives.
After this operation, 138 kB of additional disk space will be used.
Get:1 http://archive.ubuntu.com/ubuntu/ trusty-updates/universe python-software-properties all 0.92.37.7 [19.6 kB]
Fetched 19.6 kB in 0s (51.4 kB/s)
Selecting previously unselected package python-software-properties.
(Reading database ... 64927 files and directories currently installed.)
Preparing to unpack .../python-software-properties_0.92.37.7_all.deb ...
Unpacking python-software-properties (0.92.37.7) ...
Setting up python-software-properties (0.92.37.7) ...
Reading package lists...
Building dependency tree...
Reading state information...
software-properties-common is already the newest version.
0 upgraded, 0 newly installed, 0 to remove and 2 not upgraded.

## Installing the NodeSource Node.js v4.x LTS Argon repo...


## Populating apt-get cache...

+ apt-get update
Hit http://security.ubuntu.com trusty-security InRelease
Hit http://security.ubuntu.com trusty-security/main Sources
Ign http://archive.ubuntu.com trusty InRelease
Hit http://security.ubuntu.com trusty-security/universe Sources
Hit http://security.ubuntu.com trusty-security/main amd64 Packages
Hit http://security.ubuntu.com trusty-security/universe amd64 Packages
Get:1 http://archive.ubuntu.com trusty-updates InRelease [65.9 kB]
Hit http://security.ubuntu.com trusty-security/main Translation-en
Hit http://security.ubuntu.com trusty-security/universe Translation-en
Hit http://archive.ubuntu.com trusty-backports InRelease
Hit http://archive.ubuntu.com trusty Release.gpg
Get:2 http://archive.ubuntu.com trusty-updates/main Sources [382 kB]
Get:3 http://archive.ubuntu.com trusty-updates/restricted Sources [5,360 B]
Get:4 http://archive.ubuntu.com trusty-updates/universe Sources [165 kB]
Get:5 http://archive.ubuntu.com trusty-updates/multiverse Sources [7,126 B]
Get:6 http://archive.ubuntu.com trusty-updates/main amd64 Packages [897 kB]
Get:7 http://archive.ubuntu.com trusty-updates/restricted amd64 Packages [15.9 kB]
Get:8 http://archive.ubuntu.com trusty-updates/universe amd64 Packages [374 kB]
Get:9 http://archive.ubuntu.com trusty-updates/multiverse amd64 Packages [14.8 kB]
Hit http://archive.ubuntu.com trusty-updates/main Translation-en
Hit http://archive.ubuntu.com trusty-updates/multiverse Translation-en
Hit http://archive.ubuntu.com trusty-updates/restricted Translation-en
Hit http://archive.ubuntu.com trusty-updates/universe Translation-en
Hit http://archive.ubuntu.com trusty-backports/main Sources
Hit http://archive.ubuntu.com trusty-backports/restricted Sources
Hit http://archive.ubuntu.com trusty-backports/universe Sources
Hit http://archive.ubuntu.com trusty-backports/multiverse Sources
Hit http://archive.ubuntu.com trusty-backports/main amd64 Packages
Hit http://archive.ubuntu.com trusty-backports/restricted amd64 Packages
Hit http://archive.ubuntu.com trusty-backports/universe amd64 Packages
Hit http://archive.ubuntu.com trusty-backports/multiverse amd64 Packages
Hit http://archive.ubuntu.com trusty-backports/main Translation-en
Hit http://archive.ubuntu.com trusty-backports/multiverse Translation-en
Hit http://archive.ubuntu.com trusty-backports/restricted Translation-en
Hit http://archive.ubuntu.com trusty-backports/universe Translation-en
Hit http://archive.ubuntu.com trusty Release
Hit http://archive.ubuntu.com trusty/main Sources
Hit http://archive.ubuntu.com trusty/restricted Sources
Hit http://archive.ubuntu.com trusty/universe Sources
Hit http://archive.ubuntu.com trusty/multiverse Sources
Hit http://archive.ubuntu.com trusty/main amd64 Packages
Hit http://archive.ubuntu.com trusty/restricted amd64 Packages
Hit http://archive.ubuntu.com trusty/universe amd64 Packages
Hit http://archive.ubuntu.com trusty/multiverse amd64 Packages
Hit http://archive.ubuntu.com trusty/main Translation-en
Hit http://archive.ubuntu.com trusty/multiverse Translation-en
Hit http://archive.ubuntu.com trusty/restricted Translation-en
Hit http://archive.ubuntu.com trusty/universe Translation-en
Ign http://archive.ubuntu.com trusty/main Translation-en_US
Ign http://archive.ubuntu.com trusty/multiverse Translation-en_US
Ign http://archive.ubuntu.com trusty/restricted Translation-en_US
Ign http://archive.ubuntu.com trusty/universe Translation-en_US
Fetched 1,927 kB in 10s (178 kB/s)
Reading package lists...

## Confirming "trusty" is supported...

+ curl -sLf -o /dev/null 'https://deb.nodesource.com/node_4.x/dists/trusty/Release'

## Adding the NodeSource signing key to your keyring...

+ curl -s https://deb.nodesource.com/gpgkey/nodesource.gpg.key | apt-key add -
OK

## Creating apt sources list file for the NodeSource Node.js v4.x LTS Argon repo...

+ echo 'deb https://deb.nodesource.com/node_4.x trusty main' > /etc/apt/sources.list.d/nodesource.list
+ echo 'deb-src https://deb.nodesource.com/node_4.x trusty main' >> /etc/apt/sources.list.d/nodesource.list

## Running `apt-get update` for you...

+ apt-get update
Hit http://security.ubuntu.com trusty-security InRelease
Hit http://security.ubuntu.com trusty-security/main Sources
Hit http://security.ubuntu.com trusty-security/universe Sources
Ign http://archive.ubuntu.com trusty InRelease
Hit http://security.ubuntu.com trusty-security/main amd64 Packages
Hit http://security.ubuntu.com trusty-security/universe amd64 Packages
Hit http://archive.ubuntu.com trusty-updates InRelease
Hit http://security.ubuntu.com trusty-security/main Translation-en
Hit http://security.ubuntu.com trusty-security/universe Translation-en
Hit http://archive.ubuntu.com trusty-backports InRelease
Get:1 https://deb.nodesource.com trusty InRelease
Hit http://archive.ubuntu.com trusty Release.gpg
Get:2 https://deb.nodesource.com trusty/main Sources
Hit http://archive.ubuntu.com trusty-updates/main Sources
Get:3 https://deb.nodesource.com trusty/main amd64 Packages
Hit http://archive.ubuntu.com trusty-updates/restricted Sources
Get:4 https://deb.nodesource.com trusty/main Translation-en_US
Hit http://archive.ubuntu.com trusty-updates/universe Sources
Hit http://archive.ubuntu.com trusty-updates/multiverse Sources
Hit http://archive.ubuntu.com trusty-updates/main amd64 Packages
Hit http://archive.ubuntu.com trusty-updates/restricted amd64 Packages
Hit http://archive.ubuntu.com trusty-updates/universe amd64 Packages
Ign https://deb.nodesource.com trusty/main Translation-en_US
Ign https://deb.nodesource.com trusty/main Translation-en
Hit http://archive.ubuntu.com trusty-updates/multiverse amd64 Packages
Hit http://archive.ubuntu.com trusty-updates/main Translation-en
Hit http://archive.ubuntu.com trusty-updates/multiverse Translation-en
Hit http://archive.ubuntu.com trusty-updates/restricted Translation-en
Hit http://archive.ubuntu.com trusty-updates/universe Translation-en
Hit http://archive.ubuntu.com trusty-backports/main Sources
Hit http://archive.ubuntu.com trusty-backports/restricted Sources
Hit http://archive.ubuntu.com trusty-backports/universe Sources
Hit http://archive.ubuntu.com trusty-backports/multiverse Sources
Hit http://archive.ubuntu.com trusty-backports/main amd64 Packages
Hit http://archive.ubuntu.com trusty-backports/restricted amd64 Packages
Hit http://archive.ubuntu.com trusty-backports/universe amd64 Packages
Hit http://archive.ubuntu.com trusty-backports/multiverse amd64 Packages
Hit http://archive.ubuntu.com trusty-backports/main Translation-en
Hit http://archive.ubuntu.com trusty-backports/multiverse Translation-en
Hit http://archive.ubuntu.com trusty-backports/restricted Translation-en
Hit http://archive.ubuntu.com trusty-backports/universe Translation-en
Hit http://archive.ubuntu.com trusty Release
Hit http://archive.ubuntu.com trusty/main Sources
Hit http://archive.ubuntu.com trusty/restricted Sources
Hit http://archive.ubuntu.com trusty/universe Sources
Hit http://archive.ubuntu.com trusty/multiverse Sources
Hit http://archive.ubuntu.com trusty/main amd64 Packages
Hit http://archive.ubuntu.com trusty/restricted amd64 Packages
Hit http://archive.ubuntu.com trusty/universe amd64 Packages
Hit http://archive.ubuntu.com trusty/multiverse amd64 Packages
Hit http://archive.ubuntu.com trusty/main Translation-en
Hit http://archive.ubuntu.com trusty/multiverse Translation-en
Hit http://archive.ubuntu.com trusty/restricted Translation-en
Hit http://archive.ubuntu.com trusty/universe Translation-en
Ign http://archive.ubuntu.com trusty/main Translation-en_US
Ign http://archive.ubuntu.com trusty/multiverse Translation-en_US
Ign http://archive.ubuntu.com trusty/restricted Translation-en_US
Ign http://archive.ubuntu.com trusty/universe Translation-en_US
Fetched 5,640 B in 7s (724 B/s)
Reading package lists...

## Run `apt-get install nodejs` (as root) to install Node.js v4.x LTS Argon and npm

Reading package lists...
Building dependency tree...
Reading state information...
The following extra packages will be installed:
  rlwrap
The following NEW packages will be installed:
  nodejs rlwrap
0 upgraded, 2 newly installed, 0 to remove and 2 not upgraded.
Need to get 8,730 kB of archives.
After this operation, 42.6 MB of additional disk space will be used.
Get:1 http://archive.ubuntu.com/ubuntu/ trusty/universe rlwrap amd64 0.37-5 [73.4 kB]
Fetched 8,730 kB in 3s (2,811 kB/s)
Selecting previously unselected package rlwrap.
(Reading database ... 64943 files and directories currently installed.)
Preparing to unpack .../rlwrap_0.37-5_amd64.deb ...
Unpacking rlwrap (0.37-5) ...
Selecting previously unselected package nodejs.
Preparing to unpack .../nodejs_4.5.0-1nodesource1~trusty1_amd64.deb ...
Unpacking nodejs (4.5.0-1nodesource1~trusty1) ...
Processing triggers for man-db (2.6.7.1-1ubuntu1) ...
Setting up rlwrap (0.37-5) ...
update-alternatives: using /usr/bin/rlwrap to provide /usr/bin/readline-editor (readline-editor) in auto mode
Setting up nodejs (4.5.0-1nodesource1~trusty1) ...
Reading package lists...
Building dependency tree...
Reading state information...
0 upgraded, 0 newly installed, 0 to remove and 2 not upgraded.
